<?xml version="1.0" encoding="UTF-8"?>
<!-- Generated by org.testng.reporters.JUnitReportReporter -->
<testsuite skipped="0" hostname="Sujoy-PC" name="com.gs.selenium.testcases.LoginTest" tests="1" failures="0" timestamp="09 Feb 2019 14:22:31 GMT" time="22.427" errors="0">
  <testcase name="login" time="22.427" classname="com.gs.selenium.testcases.LoginTest"/>
</testsuite> <!-- com.gs.selenium.testcases.LoginTest -->
